TN:
SF:/media/kit/Work/hexlet/project4/container.js
FNF:0
FNH:0
DA:5,6
LF:1
LH:1
BRF:0
BRH:0
end_of_record
TN:
SF:/media/kit/Work/hexlet/project4/index.js
FN:23,(anonymous_0)
FN:35,(anonymous_1)
FN:61,(anonymous_2)
FN:64,(anonymous_3)
FN:74,(anonymous_4)
FN:104,(anonymous_5)
FNF:6
FNH:6
FNDA:62,(anonymous_0)
FNDA:95,(anonymous_1)
FNDA:95,(anonymous_2)
FNDA:188,(anonymous_3)
FNDA:46,(anonymous_4)
FNDA:296,(anonymous_5)
DA:24,62
DA:25,62
DA:26,62
DA:32,62
DA:33,62
DA:35,62
DA:36,95
DA:37,95
DA:38,95
DA:39,76
DA:40,76
DA:41,76
DA:42,1
DA:45,20
DA:46,20
DA:47,20
DA:48,20
DA:49,20
DA:51,0
DA:52,0
DA:53,0
DA:58,62
DA:59,62
DA:60,62
DA:61,62
DA:62,95
DA:64,188
DA:68,95
DA:69,95
DA:70,95
DA:71,95
DA:73,62
DA:74,62
DA:76,46
DA:77,1
DA:78,1
DA:80,45
DA:81,45
DA:83,62
DA:84,62
DA:85,62
DA:87,62
DA:88,62
DA:89,62
DA:90,62
DA:92,62
DA:104,296
DA:107,62
DA:109,62
LF:49
LH:46
BRDA:39,0,0,76
BRDA:39,0,1,0
BRDA:41,1,0,1
BRDA:41,1,1,75
BRDA:46,2,0,20
BRDA:46,2,1,0
BRDA:47,3,0,20
BRDA:47,3,1,0
BRDA:76,4,0,1
BRDA:76,4,1,45
BRDA:76,5,0,46
BRDA:76,5,1,46
BRDA:76,5,2,46
BRF:13
BRH:10
end_of_record
TN:
SF:/media/kit/Work/hexlet/project4/lib/dateFormatter.js
FN:12,(anonymous_0)
FNF:1
FNH:1
FNDA:9,(anonymous_0)
DA:2,6
DA:12,9
LF:2
LH:2
BRF:0
BRH:0
end_of_record
TN:
SF:/media/kit/Work/hexlet/project4/lib/formObjectBuilder.js
FN:3,(anonymous_0)
FNF:1
FNH:1
FNDA:19,(anonymous_0)
DA:3,19
LF:1
LH:1
BRDA:3,0,0,7
BRDA:3,1,0,18
BRF:2
BRH:2
end_of_record
TN:
SF:/media/kit/Work/hexlet/project4/lib/helpers.js
FN:3,(anonymous_0)
FN:4,(anonymous_1)
FN:6,(anonymous_2)
FN:7,(anonymous_3)
FN:9,(anonymous_4)
FNF:5
FNH:5
FNDA:4,(anonymous_0)
FNDA:6,(anonymous_1)
FNDA:3,(anonymous_2)
FNDA:7,(anonymous_3)
FNDA:12,(anonymous_4)
DA:3,6
DA:4,6
DA:6,6
DA:7,7
DA:9,6
DA:10,12
DA:11,12
DA:12,12
LF:8
LH:8
BRDA:4,0,0,6
BRDA:4,0,1,4
BRDA:7,1,0,7
BRDA:7,1,1,0
BRF:4
BRH:3
end_of_record
TN:
SF:/media/kit/Work/hexlet/project4/lib/logger.js
FNF:0
FNH:0
DA:3,6
LF:1
LH:1
BRF:0
BRH:0
end_of_record
TN:
SF:/media/kit/Work/hexlet/project4/lib/pagination.js
FN:3,(anonymous_0)
FN:4,(anonymous_1)
FN:7,(anonymous_2)
FN:22,(anonymous_3)
FN:23,(anonymous_4)
FN:26,(anonymous_5)
FN:27,(anonymous_6)
FN:30,(anonymous_7)
FN:31,(anonymous_8)
FN:41,(anonymous_9)
FN:42,(anonymous_10)
FN:45,(anonymous_11)
FN:46,(anonymous_12)
FN:51,(anonymous_13)
FN:52,(anonymous_14)
FNF:15
FNH:11
FNDA:2,(anonymous_0)
FNDA:10,(anonymous_1)
FNDA:2,(anonymous_2)
FNDA:2,(anonymous_3)
FNDA:0,(anonymous_4)
FNDA:2,(anonymous_5)
FNDA:0,(anonymous_6)
FNDA:2,(anonymous_7)
FNDA:2,(anonymous_8)
FNDA:2,(anonymous_9)
FNDA:0,(anonymous_10)
FNDA:2,(anonymous_11)
FNDA:0,(anonymous_12)
FNDA:10,(anonymous_13)
FNDA:2,(anonymous_14)
DA:4,10
DA:5,2
DA:7,2
DA:8,2
DA:9,2
DA:11,0
DA:12,0
DA:14,0
DA:15,0
DA:17,0
DA:20,2
DA:22,2
DA:23,0
DA:26,2
DA:27,0
DA:30,2
DA:32,2
DA:33,2
DA:34,2
DA:35,1
DA:37,2
DA:41,2
DA:42,0
DA:45,2
DA:46,0
DA:50,2
DA:51,10
DA:52,2
LF:28
LH:19
BRDA:3,0,0,2
BRDA:8,1,0,2
BRDA:8,1,1,0
BRDA:11,2,0,0
BRDA:11,2,1,0
BRDA:14,3,0,0
BRDA:14,3,1,0
BRDA:22,4,0,2
BRDA:22,4,1,0
BRDA:26,5,0,2
BRDA:26,5,1,0
BRDA:41,6,0,2
BRDA:41,6,1,0
BRDA:45,7,0,2
BRDA:45,7,1,0
BRF:15
BRH:6
end_of_record
TN:
SF:/media/kit/Work/hexlet/project4/lib/routesHelpers.js
FN:10,(anonymous_0)
FN:11,(anonymous_1)
FN:12,(anonymous_2)
FN:15,(anonymous_3)
FN:25,(anonymous_4)
FN:34,(anonymous_5)
FN:42,(anonymous_6)
FN:51,(anonymous_7)
FN:51,(anonymous_8)
FN:51,(anonymous_9)
FN:52,(anonymous_10)
FN:52,(anonymous_11)
FN:54,(anonymous_12)
FN:55,(anonymous_13)
FN:56,(anonymous_14)
FN:57,(anonymous_15)
FN:58,(anonymous_16)
FN:60,(anonymous_17)
FN:61,(anonymous_18)
FN:64,(anonymous_19)
FN:65,(anonymous_20)
FN:69,(anonymous_21)
FN:70,(anonymous_22)
FN:71,(anonymous_23)
FN:75,(anonymous_24)
FN:75,(anonymous_25)
FN:76,(anonymous_26)
FN:79,(anonymous_27)
FN:83,(anonymous_28)
FN:84,(anonymous_29)
FN:86,(anonymous_30)
FN:86,(anonymous_31)
FN:87,(anonymous_32)
FN:87,(anonymous_33)
FN:92,(anonymous_34)
FN:93,(anonymous_35)
FN:96,(anonymous_36)
FN:97,(anonymous_37)
FN:100,(anonymous_38)
FN:101,(anonymous_39)
FN:104,(anonymous_40)
FN:104,(anonymous_41)
FN:105,(anonymous_42)
FN:109,(anonymous_43)
FN:110,(anonymous_44)
FN:111,(anonymous_45)
FN:115,(anonymous_46)
FNF:47
FNH:31
FNDA:22,(anonymous_0)
FNDA:6,(anonymous_1)
FNDA:11,(anonymous_2)
FNDA:39,(anonymous_3)
FNDA:6,(anonymous_4)
FNDA:44,(anonymous_5)
FNDA:19,(anonymous_6)
FNDA:3,(anonymous_7)
FNDA:7,(anonymous_8)
FNDA:7,(anonymous_9)
FNDA:5,(anonymous_10)
FNDA:4,(anonymous_11)
FNDA:5,(anonymous_12)
FNDA:6,(anonymous_13)
FNDA:5,(anonymous_14)
FNDA:6,(anonymous_15)
FNDA:0,(anonymous_16)
FNDA:6,(anonymous_17)
FNDA:5,(anonymous_18)
FNDA:3,(anonymous_19)
FNDA:12,(anonymous_20)
FNDA:3,(anonymous_21)
FNDA:12,(anonymous_22)
FNDA:9,(anonymous_23)
FNDA:8,(anonymous_24)
FNDA:30,(anonymous_25)
FNDA:1,(anonymous_26)
FNDA:0,(anonymous_27)
FNDA:0,(anonymous_28)
FNDA:0,(anonymous_29)
FNDA:8,(anonymous_30)
FNDA:68,(anonymous_31)
FNDA:68,(anonymous_32)
FNDA:136,(anonymous_33)
FNDA:0,(anonymous_34)
FNDA:0,(anonymous_35)
FNDA:0,(anonymous_36)
FNDA:0,(anonymous_37)
FNDA:0,(anonymous_38)
FNDA:0,(anonymous_39)
FNDA:0,(anonymous_40)
FNDA:0,(anonymous_41)
FNDA:0,(anonymous_42)
FNDA:1,(anonymous_43)
FNDA:0,(anonymous_44)
FNDA:0,(anonymous_45)
FNDA:0,(anonymous_46)
DA:5,6
DA:7,6
DA:9,6
DA:10,22
DA:11,6
DA:12,11
DA:15,6
DA:16,39
DA:17,39
DA:18,39
DA:19,0
DA:20,0
DA:22,39
DA:25,6
DA:26,6
DA:27,6
DA:28,0
DA:29,0
DA:31,6
DA:34,6
DA:35,44
DA:36,18
DA:37,18
DA:39,26
DA:42,6
DA:43,19
DA:44,11
DA:45,1
DA:46,1
DA:48,10
DA:51,7
DA:52,6
DA:54,6
DA:55,6
DA:57,6
DA:58,5
DA:59,5
DA:60,6
DA:61,5
DA:64,6
DA:65,12
DA:70,12
DA:71,9
DA:74,6
DA:75,30
DA:77,1
DA:78,1
DA:79,0
DA:81,1
DA:83,1
DA:84,0
DA:86,68
DA:87,136
DA:90,6
DA:92,0
DA:93,0
DA:96,0
DA:97,0
DA:100,0
DA:101,0
DA:104,0
DA:105,0
DA:109,6
DA:110,0
DA:112,0
DA:113,0
DA:115,0
LF:67
LH:49
BRDA:18,0,0,0
BRDA:18,0,1,39
BRDA:27,1,0,0
BRDA:27,1,1,6
BRDA:35,2,0,18
BRDA:35,2,1,26
BRDA:44,3,0,1
BRDA:44,3,1,10
BRDA:78,4,0,0
BRDA:78,4,1,1
BRDA:84,5,0,0
BRDA:84,5,1,0
BRDA:86,6,0,0
BRDA:87,7,0,68
BRDA:87,7,1,68
BRDA:92,8,0,0
BRDA:92,8,1,0
BRDA:92,9,0,0
BRDA:92,9,1,0
BRDA:93,10,0,0
BRDA:93,10,1,0
BRDA:97,11,0,0
BRDA:97,11,1,0
BRDA:101,12,0,0
BRDA:101,12,1,0
BRDA:104,13,0,0
BRDA:104,13,1,0
BRDA:105,14,0,0
BRDA:105,14,1,0
BRF:29
BRH:9
end_of_record
TN:
SF:/media/kit/Work/hexlet/project4/lib/secure.js
FN:7,(anonymous_0)
FNF:1
FNH:1
FNDA:107,(anonymous_0)
DA:5,6
DA:7,107
LF:2
LH:2
BRF:0
BRH:0
end_of_record
TN:
SF:/media/kit/Work/hexlet/project4/lib/Errors/ConfirmPasswordError.js
FN:2,(anonymous_0)
FNF:1
FNH:1
FNDA:3,(anonymous_0)
DA:3,3
DA:4,3
LF:2
LH:2
BRF:0
BRH:0
end_of_record
TN:
SF:/media/kit/Work/hexlet/project4/lib/Errors/CurrentPasswordError.js
FN:2,(anonymous_0)
FNF:1
FNH:1
FNDA:1,(anonymous_0)
DA:3,1
DA:4,1
LF:2
LH:2
BRF:0
BRH:0
end_of_record
TN:
SF:/media/kit/Work/hexlet/project4/lib/Errors/NewPasswordError.js
FN:2,(anonymous_0)
FNF:1
FNH:0
FNDA:0,(anonymous_0)
DA:3,0
DA:4,0
LF:2
LH:0
BRF:0
BRH:0
end_of_record
TN:
SF:/media/kit/Work/hexlet/project4/lib/Errors/index.js
FNF:0
FNH:0
LF:0
LH:0
BRF:0
BRH:0
end_of_record
TN:
SF:/media/kit/Work/hexlet/project4/models/index.js
FN:21,(anonymous_0)
FN:22,(anonymous_1)
FN:27,(anonymous_2)
FNF:3
FNH:3
FNDA:30,(anonymous_0)
FNDA:24,(anonymous_1)
FNDA:24,(anonymous_2)
DA:6,6
DA:7,6
DA:8,6
DA:9,6
DA:13,6
DA:14,0
DA:16,6
DA:19,6
DA:21,30
DA:23,24
DA:24,24
DA:27,6
DA:28,24
DA:29,18
DA:33,6
DA:34,6
DA:36,6
LF:17
LH:16
BRDA:7,0,0,6
BRDA:7,0,1,0
BRDA:13,1,0,0
BRDA:13,1,1,6
BRDA:21,2,0,30
BRDA:21,2,1,30
BRDA:21,2,2,24
BRDA:28,3,0,18
BRDA:28,3,1,6
BRF:9
BRH:7
end_of_record
TN:
SF:/media/kit/Work/hexlet/project4/models/tag.js
FN:1,(anonymous_0)
FN:12,(anonymous_1)
FNF:2
FNH:2
FNDA:6,(anonymous_0)
FNDA:6,(anonymous_1)
DA:1,6
DA:2,6
DA:12,6
DA:13,6
DA:15,6
LF:5
LH:5
BRF:0
BRH:0
end_of_record
TN:
SF:/media/kit/Work/hexlet/project4/models/task.js
FN:3,(anonymous_0)
FN:26,(anonymous_1)
FN:31,(anonymous_2)
FN:36,(anonymous_3)
FN:44,(anonymous_4)
FN:52,(anonymous_5)
FNF:6
FNH:2
FNDA:6,(anonymous_0)
FNDA:0,(anonymous_1)
FNDA:0,(anonymous_2)
FNDA:0,(anonymous_3)
FNDA:6,(anonymous_4)
FNDA:0,(anonymous_5)
DA:3,6
DA:4,6
DA:19,4
DA:22,5
DA:26,0
DA:31,0
DA:36,0
DA:44,6
DA:45,6
DA:46,6
DA:47,6
DA:48,6
DA:49,6
DA:52,6
DA:66,6
LF:15
LH:12
BRF:0
BRH:0
end_of_record
TN:
SF:/media/kit/Work/hexlet/project4/models/taskstatus.js
FN:3,(anonymous_0)
FNF:1
FNH:1
FNDA:6,(anonymous_0)
DA:3,6
DA:4,6
DA:19,0
DA:24,6
LF:4
LH:3
BRF:0
BRH:0
end_of_record
TN:
SF:/media/kit/Work/hexlet/project4/models/user.js
FN:4,(anonymous_0)
FN:62,(anonymous_1)
FNF:2
FNH:2
FNDA:6,(anonymous_0)
FNDA:6,(anonymous_1)
DA:5,6
DA:37,65
DA:38,65
DA:51,4
DA:54,136
DA:57,0
DA:62,6
DA:63,6
DA:64,6
DA:66,6
LF:10
LH:9
BRF:0
BRH:0
end_of_record
TN:
SF:/media/kit/Work/hexlet/project4/routes/index.js
FN:9,(anonymous_0)
FN:9,(anonymous_1)
FNF:2
FNH:2
FNDA:62,(anonymous_0)
FNDA:310,(anonymous_1)
DA:7,6
DA:9,310
LF:2
LH:2
BRF:0
BRH:0
end_of_record
TN:
SF:/media/kit/Work/hexlet/project4/routes/sessions.js
FN:7,(anonymous_0)
FN:8,(anonymous_1)
FN:10,(anonymous_2)
FN:15,(anonymous_3)
FN:42,(anonymous_4)
FN:48,(anonymous_5)
FNF:6
FNH:5
FNDA:62,(anonymous_0)
FNDA:71,(anonymous_1)
FNDA:1,(anonymous_2)
FNDA:34,(anonymous_3)
FNDA:2,(anonymous_4)
FNDA:0,(anonymous_5)
DA:5,6
DA:8,71
DA:9,62
DA:11,1
DA:12,1
DA:13,1
DA:16,34
DA:17,34
DA:18,34
DA:23,34
DA:24,33
DA:25,33
DA:26,33
DA:27,33
DA:28,33
DA:29,33
DA:31,1
DA:32,1
DA:33,1
DA:34,1
DA:36,0
DA:37,0
DA:39,1
DA:40,1
DA:43,2
DA:44,2
DA:45,2
DA:46,2
DA:49,0
DA:50,0
LF:30
LH:26
BRDA:23,0,0,33
BRDA:23,0,1,1
BRDA:23,1,0,34
BRDA:23,1,1,33
BRDA:32,2,0,1
BRDA:32,2,1,0
BRF:6
BRH:5
end_of_record
TN:
SF:/media/kit/Work/hexlet/project4/routes/statuses.js
FN:8,(anonymous_0)
FN:9,(anonymous_1)
FN:11,(anonymous_2)
FN:16,(anonymous_3)
FN:22,(anonymous_4)
FN:39,(anonymous_5)
FN:44,(anonymous_6)
FN:66,(anonymous_7)
FN:82,(anonymous_8)
FNF:9
FNH:8
FNDA:62,(anonymous_0)
FNDA:9,(anonymous_1)
FNDA:1,(anonymous_2)
FNDA:2,(anonymous_3)
FNDA:2,(anonymous_4)
FNDA:2,(anonymous_5)
FNDA:2,(anonymous_6)
FNDA:2,(anonymous_7)
FNDA:0,(anonymous_8)
DA:6,6
DA:9,62
DA:10,62
DA:12,1
DA:13,1
DA:14,1
DA:17,2
DA:18,1
DA:19,1
DA:20,1
DA:23,2
DA:24,1
DA:25,1
DA:26,1
DA:27,1
DA:28,1
DA:29,1
DA:30,1
DA:31,1
DA:32,1
DA:33,1
DA:35,0
DA:36,0
DA:40,2
DA:41,2
DA:42,1
DA:45,2
DA:46,2
DA:47,1
DA:48,1
DA:49,0
DA:50,0
DA:51,0
DA:52,0
DA:54,1
DA:55,1
DA:56,1
DA:57,1
DA:58,1
DA:59,1
DA:61,0
DA:62,0
DA:63,0
DA:67,2
DA:68,2
DA:69,1
DA:70,1
DA:71,1
DA:72,1
DA:73,1
DA:74,1
DA:75,1
DA:77,0
DA:78,0
DA:79,0
DA:83,0
DA:84,0
LF:57
LH:43
BRDA:48,0,0,0
BRDA:48,0,1,1
BRF:2
BRH:1
end_of_record
TN:
SF:/media/kit/Work/hexlet/project4/routes/tasks.js
FN:22,(anonymous_0)
FN:23,(anonymous_1)
FN:25,(anonymous_2)
FN:69,(anonymous_3)
FN:81,(anonymous_4)
FN:86,(anonymous_5)
FN:109,(anonymous_6)
FN:117,(anonymous_7)
FN:137,(anonymous_8)
FN:173,(anonymous_9)
FN:175,(anonymous_10)
FN:194,(anonymous_11)
FNF:12
FNH:11
FNDA:62,(anonymous_0)
FNDA:36,(anonymous_1)
FNDA:1,(anonymous_2)
FNDA:2,(anonymous_3)
FNDA:1,(anonymous_4)
FNDA:3,(anonymous_5)
FNDA:2,(anonymous_6)
FNDA:4,(anonymous_7)
FNDA:4,(anonymous_8)
FNDA:4,(anonymous_9)
FNDA:8,(anonymous_10)
FNDA:0,(anonymous_11)
DA:20,6
DA:23,62
DA:24,62
DA:26,1
DA:27,1
DA:29,1
DA:30,1
DA:31,0
DA:33,1
DA:34,1
DA:36,1
DA:37,1
DA:38,1
DA:44,1
DA:45,1
DA:46,1
DA:47,1
DA:48,0
DA:51,1
DA:52,1
DA:53,1
DA:54,1
DA:55,1
DA:57,1
DA:58,1
DA:60,1
DA:65,1
DA:70,2
DA:71,1
DA:72,1
DA:73,1
DA:74,1
DA:75,1
DA:76,1
DA:77,1
DA:78,1
DA:79,1
DA:82,1
DA:83,1
DA:84,1
DA:87,3
DA:88,2
DA:89,2
DA:90,2
DA:91,2
DA:92,2
DA:93,2
DA:94,2
DA:95,2
DA:96,2
DA:97,2
DA:98,2
DA:99,2
DA:100,2
DA:101,2
DA:102,2
DA:104,0
DA:105,0
DA:106,0
DA:110,2
DA:111,2
DA:112,1
DA:113,1
DA:114,1
DA:115,1
DA:118,4
DA:119,4
DA:120,4
DA:121,3
DA:122,3
DA:123,3
DA:124,3
DA:125,0
DA:126,0
DA:127,0
DA:128,0
DA:130,3
DA:131,3
DA:132,1
DA:134,3
DA:135,1
DA:137,4
DA:138,3
DA:139,3
DA:141,3
DA:142,3
DA:143,3
DA:144,3
DA:145,3
DA:146,3
DA:147,3
DA:148,3
DA:149,3
DA:150,3
DA:151,3
DA:152,3
DA:154,0
DA:155,0
DA:156,0
DA:157,0
DA:159,0
DA:160,0
DA:162,0
DA:163,0
DA:165,0
DA:166,0
DA:168,3
DA:169,1
DA:170,1
DA:174,4
DA:175,8
DA:176,4
DA:177,3
DA:178,3
DA:179,3
DA:180,3
DA:181,3
DA:182,3
DA:183,3
DA:185,0
DA:186,0
DA:187,0
DA:189,3
DA:190,2
DA:191,2
DA:195,0
DA:196,0
LF:127
LH:103
BRDA:29,0,0,1
BRDA:29,0,1,1
BRDA:30,1,0,0
BRDA:30,1,1,1
BRDA:33,2,0,1
BRDA:33,2,1,0
BRDA:34,3,0,1
BRDA:34,3,1,1
BRDA:47,4,0,0
BRDA:47,4,1,1
BRDA:47,5,0,1
BRDA:47,5,1,1
BRDA:61,6,0,1
BRDA:61,6,1,1
BRDA:62,7,0,1
BRDA:62,7,1,1
BRDA:63,8,0,1
BRDA:63,8,1,1
BRDA:124,9,0,0
BRDA:124,9,1,3
BRDA:131,10,0,1
BRDA:131,10,1,2
BRDA:134,11,0,1
BRDA:134,11,1,2
BRDA:138,12,0,1
BRDA:138,12,1,2
BRDA:156,13,0,0
BRDA:156,13,1,0
BRDA:159,14,0,0
BRDA:159,14,1,0
BRDA:162,15,0,0
BRDA:162,15,1,0
BRDA:168,16,0,1
BRDA:168,16,1,2
BRDA:189,17,0,2
BRDA:189,17,1,1
BRF:36
BRH:26
end_of_record
TN:
SF:/media/kit/Work/hexlet/project4/routes/users.js
FN:12,(anonymous_0)
FN:13,(anonymous_1)
FN:15,(anonymous_2)
FN:36,(anonymous_3)
FN:41,(anonymous_4)
FN:62,(anonymous_5)
FN:68,(anonymous_6)
FN:73,(anonymous_7)
FN:97,(anonymous_8)
FN:103,(anonymous_9)
FN:138,(anonymous_10)
FN:154,(anonymous_11)
FNF:12
FNH:11
FNDA:62,(anonymous_0)
FNDA:42,(anonymous_1)
FNDA:1,(anonymous_2)
FNDA:1,(anonymous_3)
FNDA:6,(anonymous_4)
FNDA:1,(anonymous_5)
FNDA:3,(anonymous_6)
FNDA:3,(anonymous_7)
FNDA:3,(anonymous_8)
FNDA:7,(anonymous_9)
FNDA:3,(anonymous_10)
FNDA:0,(anonymous_11)
DA:10,6
DA:13,62
DA:14,62
DA:16,1
DA:17,1
DA:18,1
DA:19,0
DA:21,1
DA:22,1
DA:24,1
DA:25,1
DA:26,1
DA:27,1
DA:28,1
DA:29,1
DA:30,0
DA:33,1
DA:34,1
DA:37,1
DA:38,1
DA:39,1
DA:42,6
DA:43,6
DA:44,6
DA:45,6
DA:46,6
DA:47,6
DA:48,3
DA:49,1
DA:50,1
DA:52,2
DA:53,2
DA:54,1
DA:55,1
DA:56,1
DA:58,5
DA:59,5
DA:63,1
DA:64,1
DA:65,1
DA:66,1
DA:69,3
DA:70,3
DA:71,0
DA:74,3
DA:75,3
DA:76,3
DA:77,3
DA:78,3
DA:79,0
DA:80,0
DA:81,0
DA:82,0
DA:84,3
DA:85,3
DA:86,3
DA:87,2
DA:88,2
DA:89,2
DA:90,2
DA:92,1
DA:93,1
DA:94,1
DA:98,3
DA:99,3
DA:100,1
DA:101,1
DA:104,7
DA:105,7
DA:106,5
DA:107,5
DA:108,5
DA:109,0
DA:110,0
DA:111,0
DA:113,5
DA:114,5
DA:115,5
DA:116,0
DA:117,0
DA:119,5
DA:120,1
DA:121,1
DA:123,4
DA:124,2
DA:125,2
DA:127,2
DA:128,2
DA:129,1
DA:130,1
DA:131,1
DA:133,4
DA:134,4
DA:135,4
DA:139,3
DA:140,3
DA:141,1
DA:142,1
DA:143,1
DA:144,1
DA:145,1
DA:146,1
DA:147,1
DA:149,0
DA:150,0
DA:151,0
DA:155,0
DA:156,0
LF:108
LH:91
BRDA:17,0,0,1
BRDA:17,0,1,1
BRDA:18,1,0,0
BRDA:18,1,1,1
BRDA:21,2,0,1
BRDA:21,2,1,0
BRDA:22,3,0,1
BRDA:22,3,1,1
BRDA:29,4,0,0
BRDA:29,4,1,1
BRDA:29,5,0,1
BRDA:29,5,1,0
BRDA:48,6,0,1
BRDA:48,6,1,2
BRDA:78,7,0,0
BRDA:78,7,1,3
BRDA:108,8,0,0
BRDA:108,8,1,5
BRDA:115,9,0,0
BRDA:115,9,1,5
BRDA:119,10,0,1
BRDA:119,10,1,4
BRDA:119,11,0,5
BRDA:119,11,1,5
BRDA:123,12,0,2
BRDA:123,12,1,2
BRF:26
BRH:19
end_of_record
TN:
SF:/media/kit/Work/hexlet/project4/routes/welcome.js
FN:1,(anonymous_0)
FN:2,(anonymous_1)
FNF:2
FNH:2
FNDA:62,(anonymous_0)
FNDA:1,(anonymous_1)
DA:2,62
DA:3,1
LF:2
LH:2
BRF:0
BRH:0
end_of_record
